{
"C:\\Users\\HP 14 V014\\Documents\\git\\placego-rest\\api\\utils\\Utils.js":{"path":"C:\\Users\\HP 14 V014\\Documents\\git\\placego-rest\\api\\utils\\Utils.js","s":{"1":1,"2":0,"3":0,"4":0,"5":0,"6":0,"7":0,"8":1,"9":1,"10":1,"11":1,"12":1,"13":0,"14":1,"15":0,"16":0,"17":1,"18":1,"19":1,"20":1,"21":1,"22":1},"b":{"1":[0,0],"2":[0,0],"3":[0,1],"4":[0,1]},"f":{"1":0,"2":1,"3":1},"fnMap":{"1":{"name":"(anonymous_1)","line":3,"loc":{"start":{"line":3,"column":14},"end":{"line":3,"column":70}}},"2":{"name":"(anonymous_2)","line":33,"loc":{"start":{"line":33,"column":19},"end":{"line":33,"column":34}}},"3":{"name":"(anonymous_3)","line":59,"loc":{"start":{"line":59,"column":16},"end":{"line":59,"column":31}}}},"statementMap":{"1":{"start":{"line":2,"column":0},"end":{"line":72,"column":1}},"2":{"start":{"line":5,"column":8},"end":{"line":5,"column":49}},"3":{"start":{"line":7,"column":8},"end":{"line":25,"column":9}},"4":{"start":{"line":8,"column":12},"end":{"line":22,"column":13}},"5":{"start":{"line":9,"column":16},"end":{"line":14,"column":19}},"6":{"start":{"line":16,"column":16},"end":{"line":21,"column":19}},"7":{"start":{"line":24,"column":12},"end":{"line":24,"column":48}},"8":{"start":{"line":35,"column":8},"end":{"line":35,"column":47}},"9":{"start":{"line":36,"column":8},"end":{"line":36,"column":24}},"10":{"start":{"line":37,"column":8},"end":{"line":37,"column":18}},"11":{"start":{"line":38,"column":8},"end":{"line":48,"column":9}},"12":{"start":{"line":39,"column":12},"end":{"line":46,"column":13}},"13":{"start":{"line":40,"column":16},"end":{"line":40,"column":37}},"14":{"start":{"line":41,"column":19},"end":{"line":46,"column":13}},"15":{"start":{"line":42,"column":16},"end":{"line":42,"column":51}},"16":{"start":{"line":43,"column":16},"end":{"line":43,"column":36}},"17":{"start":{"line":45,"column":16},"end":{"line":45,"column":92}},"18":{"start":{"line":49,"column":8},"end":{"line":49,"column":22}},"19":{"start":{"line":61,"column":8},"end":{"line":61,"column":53}},"20":{"start":{"line":62,"column":8},"end":{"line":62,"column":42}},"21":{"start":{"line":63,"column":8},"end":{"line":66,"column":10}},"22":{"start":{"line":68,"column":8},"end":{"line":68,"column":26}}},"branchMap":{"1":{"line":7,"type":"if","locations":[{"start":{"line":7,"column":8},"end":{"line":7,"column":8}},{"start":{"line":7,"column":8},"end":{"line":7,"column":8}}]},"2":{"line":8,"type":"if","locations":[{"start":{"line":8,"column":12},"end":{"line":8,"column":12}},{"start":{"line":8,"column":12},"end":{"line":8,"column":12}}]},"3":{"line":39,"type":"if","locations":[{"start":{"line":39,"column":12},"end":{"line":39,"column":12}},{"start":{"line":39,"column":12},"end":{"line":39,"column":12}}]},"4":{"line":41,"type":"if","locations":[{"start":{"line":41,"column":19},"end":{"line":41,"column":19}},{"start":{"line":41,"column":19},"end":{"line":41,"column":19}}]}},"l":{"2":1,"5":0,"7":0,"8":0,"9":0,"16":0,"24":0,"35":1,"36":1,"37":1,"38":1,"39":1,"40":0,"41":1,"42":0,"43":0,"45":1,"49":1,"61":1,"62":1,"63":1,"68":1}}}
