{
"C:\\Users\\HP 14 V014\\Documents\\git\\placego-rest\\api\\models\\Friends.js":{"path":"C:\\Users\\HP 14 V014\\Documents\\git\\placego-rest\\api\\models\\Friends.js","s":{"1":1},"b":{},"f":{},"fnMap":{},"statementMap":{"1":{"start":{"line":9,"column":0},"end":{"line":35,"column":2}}},"branchMap":{},"l":{"9":1}},
"C:\\Users\\HP 14 V014\\Documents\\git\\placego-rest\\api\\models\\User.js":{"path":"C:\\Users\\HP 14 V014\\Documents\\git\\placego-rest\\api\\models\\User.js","s":{"1":1},"b":{},"f":{},"fnMap":{},"statementMap":{"1":{"start":{"line":9,"column":0},"end":{"line":97,"column":2}}},"branchMap":{},"l":{"9":1}},
"C:\\Users\\HP 14 V014\\Documents\\git\\placego-rest\\api\\controllers\\RegisterController.js":{"path":"C:\\Users\\HP 14 V014\\Documents\\git\\placego-rest\\api\\controllers\\RegisterController.js","s":{"1":1,"2":1,"3":3,"4":2,"5":1,"6":1,"7":1,"8":0,"9":0,"10":1,"11":1,"12":0,"13":0,"14":1,"15":1,"16":0,"17":0,"18":0,"19":0,"20":0,"21":2,"22":2,"23":0,"24":2,"25":2,"26":2,"27":0,"28":2,"29":2,"30":0,"31":0,"32":2,"33":1,"34":1,"35":1,"36":1,"37":1,"38":1,"39":1,"40":1,"41":2,"42":2,"43":2,"44":2,"45":1,"46":1,"47":1},"b":{"1":[2,1],"2":[3,3,2],"3":[0,1],"4":[0,1],"5":[0,0],"6":[0,2],"7":[0,2],"8":[0,2],"9":[1,1]},"f":{"1":3,"2":1,"3":1,"4":0,"5":2,"6":2,"7":2},"fnMap":{"1":{"name":"(anonymous_1)","line":14,"loc":{"start":{"line":14,"column":12},"end":{"line":14,"column":32}}},"2":{"name":"(anonymous_2)","line":22,"loc":{"start":{"line":22,"column":20},"end":{"line":22,"column":48}}},"3":{"name":"(anonymous_3)","line":40,"loc":{"start":{"line":40,"column":15},"end":{"line":40,"column":32}}},"4":{"name":"(anonymous_4)","line":55,"loc":{"start":{"line":55,"column":226},"end":{"line":55,"column":250}}},"5":{"name":"(anonymous_5)","line":64,"loc":{"start":{"line":64,"column":16},"end":{"line":64,"column":36}}},"6":{"name":"(anonymous_6)","line":74,"loc":{"start":{"line":74,"column":20},"end":{"line":74,"column":48}}},"7":{"name":"(anonymous_7)","line":81,"loc":{"start":{"line":81,"column":25},"end":{"line":81,"column":47}}}},"statementMap":{"1":{"start":{"line":5,"column":0},"end":{"line":8,"column":42}},"2":{"start":{"line":11,"column":0},"end":{"line":128,"column":2}},"3":{"start":{"line":16,"column":8},"end":{"line":18,"column":9}},"4":{"start":{"line":17,"column":12},"end":{"line":17,"column":68}},"5":{"start":{"line":19,"column":8},"end":{"line":21,"column":71}},"6":{"start":{"line":22,"column":8},"end":{"line":61,"column":11}},"7":{"start":{"line":23,"column":12},"end":{"line":29,"column":13}},"8":{"start":{"line":24,"column":16},"end":{"line":24,"column":72}},"9":{"start":{"line":25,"column":16},"end":{"line":28,"column":19}},"10":{"start":{"line":30,"column":12},"end":{"line":60,"column":15}},"11":{"start":{"line":41,"column":16},"end":{"line":59,"column":17}},"12":{"start":{"line":42,"column":20},"end":{"line":42,"column":74}},"13":{"start":{"line":43,"column":20},"end":{"line":46,"column":23}},"14":{"start":{"line":49,"column":20},"end":{"line":49,"column":69}},"15":{"start":{"line":50,"column":20},"end":{"line":53,"column":23}},"16":{"start":{"line":54,"column":20},"end":{"line":54,"column":97}},"17":{"start":{"line":55,"column":20},"end":{"line":58,"column":23}},"18":{"start":{"line":56,"column":24},"end":{"line":57,"column":51}},"19":{"start":{"line":56,"column":33},"end":{"line":56,"column":52}},"20":{"start":{"line":57,"column":29},"end":{"line":57,"column":51}},"21":{"start":{"line":66,"column":8},"end":{"line":66,"column":34}},"22":{"start":{"line":68,"column":8},"end":{"line":70,"column":9}},"23":{"start":{"line":69,"column":12},"end":{"line":69,"column":60}},"24":{"start":{"line":72,"column":8},"end":{"line":72,"column":62}},"25":{"start":{"line":74,"column":8},"end":{"line":126,"column":11}},"26":{"start":{"line":75,"column":12},"end":{"line":75,"column":53}},"27":{"start":{"line":75,"column":23},"end":{"line":75,"column":53}},"28":{"start":{"line":76,"column":12},"end":{"line":125,"column":19}},"29":{"start":{"line":82,"column":20},"end":{"line":88,"column":21}},"30":{"start":{"line":83,"column":24},"end":{"line":83,"column":80}},"31":{"start":{"line":84,"column":24},"end":{"line":87,"column":27}},"32":{"start":{"line":89,"column":20},"end":{"line":123,"column":21}},"33":{"start":{"line":90,"column":24},"end":{"line":90,"column":42}},"34":{"start":{"line":92,"column":24},"end":{"line":92,"column":78}},"35":{"start":{"line":93,"column":24},"end":{"line":98,"column":27}},"36":{"start":{"line":100,"column":24},"end":{"line":100,"column":49}},"37":{"start":{"line":101,"column":24},"end":{"line":101,"column":47}},"38":{"start":{"line":102,"column":24},"end":{"line":102,"column":51}},"39":{"start":{"line":103,"column":24},"end":{"line":103,"column":34}},"40":{"start":{"line":104,"column":24},"end":{"line":115,"column":25}},"41":{"start":{"line":105,"column":28},"end":{"line":105,"column":76}},"42":{"start":{"line":107,"column":28},"end":{"line":107,"column":70}},"43":{"start":{"line":108,"column":28},"end":{"line":108,"column":62}},"44":{"start":{"line":109,"column":28},"end":{"line":114,"column":31}},"45":{"start":{"line":116,"column":24},"end":{"line":116,"column":68}},"46":{"start":{"line":118,"column":24},"end":{"line":118,"column":73}},"47":{"start":{"line":119,"column":24},"end":{"line":122,"column":27}}},"branchMap":{"1":{"line":16,"type":"if","locations":[{"start":{"line":16,"column":8},"end":{"line":16,"column":8}},{"start":{"line":16,"column":8},"end":{"line":16,"column":8}}]},"2":{"line":16,"type":"binary-expr","locations":[{"start":{"line":16,"column":12},"end":{"line":16,"column":28}},{"start":{"line":16,"column":32},"end":{"line":16,"column":57}},{"start":{"line":16,"column":61},"end":{"line":16,"column":99}}]},"3":{"line":23,"type":"if","locations":[{"start":{"line":23,"column":12},"end":{"line":23,"column":12}},{"start":{"line":23,"column":12},"end":{"line":23,"column":12}}]},"4":{"line":41,"type":"if","locations":[{"start":{"line":41,"column":16},"end":{"line":41,"column":16}},{"start":{"line":41,"column":16},"end":{"line":41,"column":16}}]},"5":{"line":56,"type":"if","locations":[{"start":{"line":56,"column":24},"end":{"line":56,"column":24}},{"start":{"line":56,"column":24},"end":{"line":56,"column":24}}]},"6":{"line":68,"type":"if","locations":[{"start":{"line":68,"column":8},"end":{"line":68,"column":8}},{"start":{"line":68,"column":8},"end":{"line":68,"column":8}}]},"7":{"line":75,"type":"if","locations":[{"start":{"line":75,"column":12},"end":{"line":75,"column":12}},{"start":{"line":75,"column":12},"end":{"line":75,"column":12}}]},"8":{"line":82,"type":"if","locations":[{"start":{"line":82,"column":20},"end":{"line":82,"column":20}},{"start":{"line":82,"column":20},"end":{"line":82,"column":20}}]},"9":{"line":89,"type":"if","locations":[{"start":{"line":89,"column":20},"end":{"line":89,"column":20}},{"start":{"line":89,"column":20},"end":{"line":89,"column":20}}]}},"l":{"5":1,"11":1,"16":3,"17":2,"19":1,"22":1,"23":1,"24":0,"25":0,"30":1,"41":1,"42":0,"43":0,"49":1,"50":1,"54":0,"55":0,"56":0,"57":0,"66":2,"68":2,"69":0,"72":2,"74":2,"75":2,"76":2,"82":2,"83":0,"84":0,"89":2,"90":1,"92":1,"93":1,"100":1,"101":1,"102":1,"103":1,"104":1,"105":2,"107":2,"108":2,"109":2,"116":1,"118":1,"119":1}},
"C:\\Users\\HP 14 V014\\Documents\\git\\placego-rest\\api\\utilities\\Utils.js":{"path":"C:\\Users\\HP 14 V014\\Documents\\git\\placego-rest\\api\\utilities\\Utils.js","s":{"1":2,"2":13,"3":13,"4":13,"5":13,"6":0,"7":0,"8":3,"9":3,"10":3,"11":3,"12":21,"13":0,"14":21,"15":12,"16":12,"17":9,"18":3,"19":2,"20":2,"21":2,"22":2},"b":{"1":[13,13],"2":[13,0],"3":[13,0],"4":[0,21],"5":[12,9]},"f":{"1":13,"2":3,"3":2},"fnMap":{"1":{"name":"(anonymous_1)","line":3,"loc":{"start":{"line":3,"column":14},"end":{"line":3,"column":70}}},"2":{"name":"(anonymous_2)","line":33,"loc":{"start":{"line":33,"column":19},"end":{"line":33,"column":34}}},"3":{"name":"(anonymous_3)","line":60,"loc":{"start":{"line":60,"column":16},"end":{"line":60,"column":31}}}},"statementMap":{"1":{"start":{"line":2,"column":0},"end":{"line":71,"column":1}},"2":{"start":{"line":5,"column":8},"end":{"line":5,"column":57}},"3":{"start":{"line":7,"column":8},"end":{"line":26,"column":9}},"4":{"start":{"line":8,"column":12},"end":{"line":23,"column":13}},"5":{"start":{"line":9,"column":16},"end":{"line":14,"column":19}},"6":{"start":{"line":16,"column":16},"end":{"line":22,"column":19}},"7":{"start":{"line":25,"column":12},"end":{"line":25,"column":48}},"8":{"start":{"line":35,"column":8},"end":{"line":35,"column":54}},"9":{"start":{"line":36,"column":8},"end":{"line":36,"column":24}},"10":{"start":{"line":37,"column":8},"end":{"line":37,"column":18}},"11":{"start":{"line":38,"column":8},"end":{"line":49,"column":9}},"12":{"start":{"line":39,"column":12},"end":{"line":47,"column":13}},"13":{"start":{"line":40,"column":16},"end":{"line":40,"column":44}},"14":{"start":{"line":41,"column":19},"end":{"line":47,"column":13}},"15":{"start":{"line":42,"column":16},"end":{"line":42,"column":58}},"16":{"start":{"line":43,"column":16},"end":{"line":43,"column":36}},"17":{"start":{"line":45,"column":16},"end":{"line":45,"column":92}},"18":{"start":{"line":50,"column":8},"end":{"line":50,"column":22}},"19":{"start":{"line":62,"column":8},"end":{"line":62,"column":53}},"20":{"start":{"line":63,"column":8},"end":{"line":63,"column":42}},"21":{"start":{"line":64,"column":8},"end":{"line":67,"column":10}},"22":{"start":{"line":69,"column":8},"end":{"line":69,"column":26}}},"branchMap":{"1":{"line":5,"type":"binary-expr","locations":[{"start":{"line":5,"column":25},"end":{"line":5,"column":48}},{"start":{"line":5,"column":52},"end":{"line":5,"column":56}}]},"2":{"line":7,"type":"if","locations":[{"start":{"line":7,"column":8},"end":{"line":7,"column":8}},{"start":{"line":7,"column":8},"end":{"line":7,"column":8}}]},"3":{"line":8,"type":"if","locations":[{"start":{"line":8,"column":12},"end":{"line":8,"column":12}},{"start":{"line":8,"column":12},"end":{"line":8,"column":12}}]},"4":{"line":39,"type":"if","locations":[{"start":{"line":39,"column":12},"end":{"line":39,"column":12}},{"start":{"line":39,"column":12},"end":{"line":39,"column":12}}]},"5":{"line":41,"type":"if","locations":[{"start":{"line":41,"column":19},"end":{"line":41,"column":19}},{"start":{"line":41,"column":19},"end":{"line":41,"column":19}}]}},"l":{"2":2,"5":13,"7":13,"8":13,"9":13,"16":0,"25":0,"35":3,"36":3,"37":3,"38":3,"39":21,"40":0,"41":21,"42":12,"43":12,"45":9,"50":3,"62":2,"63":2,"64":2,"69":2}},
"C:\\Users\\HP 14 V014\\Documents\\git\\placego-rest\\api\\controllers\\TokenController.js":{"path":"C:\\Users\\HP 14 V014\\Documents\\git\\placego-rest\\api\\controllers\\TokenController.js","s":{"1":1,"2":1,"3":1,"4":0,"5":1,"6":1,"7":1,"8":1,"9":0,"10":0,"11":1,"12":1,"13":0,"14":0,"15":1,"16":1,"17":1,"18":0,"19":0,"20":0,"21":0,"22":0,"23":0,"24":0},"b":{"1":[0,1],"2":[1,1],"3":[0,1],"4":[0,1],"5":[1,0],"6":[0,0]},"f":{"1":1,"2":1,"3":1,"4":0},"fnMap":{"1":{"name":"(anonymous_1)","line":11,"loc":{"start":{"line":11,"column":12},"end":{"line":11,"column":31}}},"2":{"name":"(anonymous_2)","line":19,"loc":{"start":{"line":19,"column":20},"end":{"line":19,"column":48}}},"3":{"name":"(anonymous_3)","line":36,"loc":{"start":{"line":36,"column":15},"end":{"line":36,"column":32}}},"4":{"name":"(anonymous_4)","line":51,"loc":{"start":{"line":51,"column":230},"end":{"line":51,"column":254}}}},"statementMap":{"1":{"start":{"line":5,"column":0},"end":{"line":7,"column":35}},"2":{"start":{"line":9,"column":0},"end":{"line":67,"column":1}},"3":{"start":{"line":13,"column":8},"end":{"line":15,"column":9}},"4":{"start":{"line":14,"column":12},"end":{"line":14,"column":68}},"5":{"start":{"line":16,"column":8},"end":{"line":16,"column":50}},"6":{"start":{"line":17,"column":8},"end":{"line":17,"column":30}},"7":{"start":{"line":19,"column":8},"end":{"line":64,"column":11}},"8":{"start":{"line":20,"column":12},"end":{"line":26,"column":13}},"9":{"start":{"line":21,"column":16},"end":{"line":21,"column":72}},"10":{"start":{"line":22,"column":16},"end":{"line":25,"column":19}},"11":{"start":{"line":27,"column":12},"end":{"line":63,"column":15}},"12":{"start":{"line":37,"column":16},"end":{"line":62,"column":17}},"13":{"start":{"line":38,"column":20},"end":{"line":38,"column":74}},"14":{"start":{"line":39,"column":20},"end":{"line":42,"column":23}},"15":{"start":{"line":44,"column":20},"end":{"line":61,"column":21}},"16":{"start":{"line":45,"column":24},"end":{"line":45,"column":73}},"17":{"start":{"line":46,"column":24},"end":{"line":49,"column":27}},"18":{"start":{"line":50,"column":24},"end":{"line":50,"column":101}},"19":{"start":{"line":51,"column":24},"end":{"line":54,"column":27}},"20":{"start":{"line":52,"column":28},"end":{"line":53,"column":55}},"21":{"start":{"line":52,"column":37},"end":{"line":52,"column":56}},"22":{"start":{"line":53,"column":33},"end":{"line":53,"column":55}},"23":{"start":{"line":56,"column":24},"end":{"line":56,"column":78}},"24":{"start":{"line":57,"column":24},"end":{"line":60,"column":27}}},"branchMap":{"1":{"line":13,"type":"if","locations":[{"start":{"line":13,"column":8},"end":{"line":13,"column":8}},{"start":{"line":13,"column":8},"end":{"line":13,"column":8}}]},"2":{"line":13,"type":"binary-expr","locations":[{"start":{"line":13,"column":12},"end":{"line":13,"column":28}},{"start":{"line":13,"column":32},"end":{"line":13,"column":51}}]},"3":{"line":20,"type":"if","locations":[{"start":{"line":20,"column":12},"end":{"line":20,"column":12}},{"start":{"line":20,"column":12},"end":{"line":20,"column":12}}]},"4":{"line":37,"type":"if","locations":[{"start":{"line":37,"column":16},"end":{"line":37,"column":16}},{"start":{"line":37,"column":16},"end":{"line":37,"column":16}}]},"5":{"line":44,"type":"if","locations":[{"start":{"line":44,"column":20},"end":{"line":44,"column":20}},{"start":{"line":44,"column":20},"end":{"line":44,"column":20}}]},"6":{"line":52,"type":"if","locations":[{"start":{"line":52,"column":28},"end":{"line":52,"column":28}},{"start":{"line":52,"column":28},"end":{"line":52,"column":28}}]}},"l":{"5":1,"9":1,"13":1,"14":0,"16":1,"17":1,"19":1,"20":1,"21":0,"22":0,"27":1,"37":1,"38":0,"39":0,"44":1,"45":1,"46":1,"50":0,"51":0,"52":0,"53":0,"56":0,"57":0}},
"C:\\Users\\HP 14 V014\\Documents\\git\\placego-rest\\api\\controllers\\UserController.js":{"path":"C:\\Users\\HP 14 V014\\Documents\\git\\placego-rest\\api\\controllers\\UserController.js","s":{"1":1,"2":1,"3":2,"4":2,"5":0,"6":2,"7":2,"8":0,"9":0,"10":2,"11":0,"12":0,"13":2,"14":0,"15":1,"16":1,"17":1,"18":1,"19":1,"20":1,"21":1,"22":1,"23":0,"24":0,"25":1,"26":1,"27":1,"28":0,"29":0,"30":2,"31":0,"32":2,"33":2,"34":2,"35":0,"36":0,"37":2,"38":0,"39":2,"40":2,"41":0,"42":0,"43":2,"44":1,"45":1,"46":0,"47":0,"48":1,"49":1,"50":1,"51":1,"52":2,"53":2,"54":2,"55":2,"56":0,"57":0,"58":2,"59":2,"60":4,"61":3,"62":1,"63":1,"64":1,"65":1,"66":1,"67":0,"68":0,"69":1,"70":1,"71":0,"72":0,"73":1,"74":1,"75":1,"76":0,"77":0,"78":0,"79":0,"80":0,"81":0,"82":0,"83":0,"84":0,"85":0,"86":0,"87":0,"88":0,"89":0,"90":0,"91":0,"92":0,"93":2,"94":1,"95":1,"96":1,"97":1,"98":1,"99":0,"100":0,"101":1,"102":1,"103":0,"104":0,"105":1,"106":1,"107":1,"108":0,"109":0},"b":{"1":[0,2],"2":[2,2],"3":[0,2],"4":[0,2],"5":[0,1],"6":[1,0],"7":[0,2],"8":[2,2,2],"9":[0,2],"10":[1,1],"11":[0,1],"12":[0,2],"13":[3,1],"14":[4,4],"15":[0,1],"16":[0,1],"17":[1,0],"18":[0,0],"19":[0,0],"20":[0,0],"21":[1,1],"22":[2,2,1],"23":[0,1],"24":[0,1],"25":[1,0]},"f":{"1":2,"2":2,"3":0,"4":1,"5":1,"6":1,"7":1,"8":2,"9":0,"10":2,"11":0,"12":2,"13":2,"14":1,"15":2,"16":2,"17":4,"18":1,"19":1,"20":0,"21":0,"22":0,"23":2,"24":1,"25":1},"fnMap":{"1":{"name":"(anonymous_1)","line":17,"loc":{"start":{"line":17,"column":11},"end":{"line":17,"column":30}}},"2":{"name":"(anonymous_2)","line":26,"loc":{"start":{"line":26,"column":18},"end":{"line":26,"column":40}}},"3":{"name":"(anonymous_3)","line":47,"loc":{"start":{"line":47,"column":35},"end":{"line":47,"column":49}}},"4":{"name":"(anonymous_4)","line":51,"loc":{"start":{"line":51,"column":39},"end":{"line":51,"column":50}}},"5":{"name":"(anonymous_5)","line":60,"loc":{"start":{"line":60,"column":37},"end":{"line":60,"column":48}}},"6":{"name":"(anonymous_6)","line":77,"loc":{"start":{"line":77,"column":13},"end":{"line":77,"column":32}}},"7":{"name":"(anonymous_7)","line":81,"loc":{"start":{"line":81,"column":18},"end":{"line":81,"column":40}}},"8":{"name":"(anonymous_8)","line":107,"loc":{"start":{"line":107,"column":12},"end":{"line":107,"column":31}}},"9":{"name":"(anonymous_9)","line":119,"loc":{"start":{"line":119,"column":19},"end":{"line":119,"column":33}}},"10":{"name":"(anonymous_10)","line":127,"loc":{"start":{"line":127,"column":21},"end":{"line":127,"column":49}}},"11":{"name":"(anonymous_11)","line":131,"loc":{"start":{"line":131,"column":27},"end":{"line":131,"column":41}}},"12":{"name":"(anonymous_12)","line":134,"loc":{"start":{"line":134,"column":29},"end":{"line":134,"column":51}}},"13":{"name":"(anonymous_13)","line":140,"loc":{"start":{"line":140,"column":34},"end":{"line":140,"column":57}}},"14":{"name":"(anonymous_14)","line":158,"loc":{"start":{"line":158,"column":46},"end":{"line":158,"column":68}}},"15":{"name":"(anonymous_15)","line":191,"loc":{"start":{"line":191,"column":10},"end":{"line":191,"column":29}}},"16":{"name":"(anonymous_16)","line":196,"loc":{"start":{"line":196,"column":18},"end":{"line":196,"column":40}}},"17":{"name":"(anonymous_17)","line":214,"loc":{"start":{"line":214,"column":17},"end":{"line":214,"column":36}}},"18":{"name":"(anonymous_18)","line":223,"loc":{"start":{"line":223,"column":20},"end":{"line":223,"column":48}}},"19":{"name":"(anonymous_19)","line":240,"loc":{"start":{"line":240,"column":15},"end":{"line":240,"column":37}}},"20":{"name":"(anonymous_20)","line":267,"loc":{"start":{"line":267,"column":12},"end":{"line":267,"column":31}}},"21":{"name":"(anonymous_21)","line":272,"loc":{"start":{"line":272,"column":18},"end":{"line":272,"column":41}}},"22":{"name":"(anonymous_22)","line":284,"loc":{"start":{"line":284,"column":30},"end":{"line":284,"column":52}}},"23":{"name":"(anonymous_23)","line":312,"loc":{"start":{"line":312,"column":12},"end":{"line":312,"column":31}}},"24":{"name":"(anonymous_24)","line":322,"loc":{"start":{"line":322,"column":20},"end":{"line":322,"column":48}}},"25":{"name":"(anonymous_25)","line":337,"loc":{"start":{"line":337,"column":15},"end":{"line":337,"column":37}}}},"statementMap":{"1":{"start":{"line":9,"column":0},"end":{"line":12,"column":42}},"2":{"start":{"line":14,"column":0},"end":{"line":367,"column":2}},"3":{"start":{"line":19,"column":8},"end":{"line":19,"column":29}},"4":{"start":{"line":20,"column":8},"end":{"line":22,"column":9}},"5":{"start":{"line":21,"column":12},"end":{"line":21,"column":71}},"6":{"start":{"line":23,"column":8},"end":{"line":74,"column":15}},"7":{"start":{"line":27,"column":16},"end":{"line":73,"column":17}},"8":{"start":{"line":28,"column":20},"end":{"line":28,"column":74}},"9":{"start":{"line":29,"column":20},"end":{"line":32,"column":23}},"10":{"start":{"line":34,"column":20},"end":{"line":72,"column":21}},"11":{"start":{"line":35,"column":24},"end":{"line":35,"column":80}},"12":{"start":{"line":36,"column":24},"end":{"line":39,"column":27}},"13":{"start":{"line":42,"column":24},"end":{"line":70,"column":27}},"14":{"start":{"line":48,"column":32},"end":{"line":48,"column":55}},"15":{"start":{"line":52,"column":32},"end":{"line":52,"column":111}},"16":{"start":{"line":53,"column":32},"end":{"line":58,"column":35}},"17":{"start":{"line":61,"column":32},"end":{"line":61,"column":81}},"18":{"start":{"line":62,"column":32},"end":{"line":67,"column":35}},"19":{"start":{"line":78,"column":8},"end":{"line":78,"column":31}},"20":{"start":{"line":79,"column":8},"end":{"line":79,"column":31}},"21":{"start":{"line":80,"column":8},"end":{"line":103,"column":15}},"22":{"start":{"line":82,"column":16},"end":{"line":102,"column":17}},"23":{"start":{"line":83,"column":20},"end":{"line":83,"column":74}},"24":{"start":{"line":84,"column":20},"end":{"line":87,"column":23}},"25":{"start":{"line":89,"column":20},"end":{"line":101,"column":21}},"26":{"start":{"line":90,"column":24},"end":{"line":90,"column":73}},"27":{"start":{"line":91,"column":24},"end":{"line":94,"column":27}},"28":{"start":{"line":96,"column":24},"end":{"line":96,"column":80}},"29":{"start":{"line":97,"column":24},"end":{"line":100,"column":27}},"30":{"start":{"line":108,"column":8},"end":{"line":110,"column":9}},"31":{"start":{"line":109,"column":12},"end":{"line":109,"column":77}},"32":{"start":{"line":111,"column":8},"end":{"line":111,"column":30}},"33":{"start":{"line":112,"column":8},"end":{"line":112,"column":57}},"34":{"start":{"line":114,"column":8},"end":{"line":188,"column":11}},"35":{"start":{"line":120,"column":16},"end":{"line":120,"column":70}},"36":{"start":{"line":121,"column":16},"end":{"line":124,"column":19}},"37":{"start":{"line":128,"column":16},"end":{"line":186,"column":19}},"38":{"start":{"line":132,"column":24},"end":{"line":132,"column":50}},"39":{"start":{"line":137,"column":24},"end":{"line":184,"column":31}},"40":{"start":{"line":141,"column":32},"end":{"line":147,"column":33}},"41":{"start":{"line":142,"column":36},"end":{"line":142,"column":88}},"42":{"start":{"line":143,"column":36},"end":{"line":146,"column":39}},"43":{"start":{"line":148,"column":32},"end":{"line":183,"column":33}},"44":{"start":{"line":149,"column":36},"end":{"line":174,"column":43}},"45":{"start":{"line":159,"column":44},"end":{"line":173,"column":45}},"46":{"start":{"line":160,"column":48},"end":{"line":160,"column":100}},"47":{"start":{"line":161,"column":48},"end":{"line":164,"column":51}},"48":{"start":{"line":166,"column":48},"end":{"line":166,"column":97}},"49":{"start":{"line":167,"column":48},"end":{"line":172,"column":51}},"50":{"start":{"line":176,"column":36},"end":{"line":176,"column":90}},"51":{"start":{"line":177,"column":36},"end":{"line":182,"column":39}},"52":{"start":{"line":192,"column":8},"end":{"line":192,"column":28}},"53":{"start":{"line":193,"column":8},"end":{"line":211,"column":15}},"54":{"start":{"line":197,"column":16},"end":{"line":197,"column":44}},"55":{"start":{"line":198,"column":16},"end":{"line":210,"column":17}},"56":{"start":{"line":199,"column":20},"end":{"line":199,"column":76}},"57":{"start":{"line":200,"column":20},"end":{"line":203,"column":23}},"58":{"start":{"line":205,"column":20},"end":{"line":205,"column":69}},"59":{"start":{"line":206,"column":20},"end":{"line":209,"column":23}},"60":{"start":{"line":216,"column":8},"end":{"line":218,"column":9}},"61":{"start":{"line":217,"column":12},"end":{"line":217,"column":62}},"62":{"start":{"line":219,"column":8},"end":{"line":219,"column":35}},"63":{"start":{"line":220,"column":8},"end":{"line":220,"column":50}},"64":{"start":{"line":221,"column":8},"end":{"line":221,"column":27}},"65":{"start":{"line":223,"column":8},"end":{"line":263,"column":11}},"66":{"start":{"line":224,"column":12},"end":{"line":230,"column":13}},"67":{"start":{"line":225,"column":16},"end":{"line":225,"column":72}},"68":{"start":{"line":226,"column":16},"end":{"line":229,"column":19}},"69":{"start":{"line":231,"column":12},"end":{"line":262,"column":15}},"70":{"start":{"line":241,"column":16},"end":{"line":261,"column":17}},"71":{"start":{"line":242,"column":20},"end":{"line":242,"column":74}},"72":{"start":{"line":243,"column":20},"end":{"line":246,"column":23}},"73":{"start":{"line":248,"column":20},"end":{"line":260,"column":21}},"74":{"start":{"line":249,"column":24},"end":{"line":249,"column":73}},"75":{"start":{"line":250,"column":24},"end":{"line":253,"column":27}},"76":{"start":{"line":255,"column":24},"end":{"line":255,"column":78}},"77":{"start":{"line":256,"column":24},"end":{"line":259,"column":27}},"78":{"start":{"line":268,"column":8},"end":{"line":268,"column":30}},"79":{"start":{"line":269,"column":8},"end":{"line":309,"column":15}},"80":{"start":{"line":273,"column":16},"end":{"line":279,"column":17}},"81":{"start":{"line":274,"column":20},"end":{"line":274,"column":76}},"82":{"start":{"line":275,"column":20},"end":{"line":278,"column":23}},"83":{"start":{"line":280,"column":16},"end":{"line":308,"column":17}},"84":{"start":{"line":281,"column":20},"end":{"line":300,"column":27}},"85":{"start":{"line":285,"column":28},"end":{"line":299,"column":29}},"86":{"start":{"line":286,"column":32},"end":{"line":286,"column":88}},"87":{"start":{"line":287,"column":32},"end":{"line":290,"column":35}},"88":{"start":{"line":292,"column":32},"end":{"line":292,"column":81}},"89":{"start":{"line":293,"column":32},"end":{"line":298,"column":35}},"90":{"start":{"line":302,"column":20},"end":{"line":302,"column":74}},"91":{"start":{"line":303,"column":20},"end":{"line":306,"column":23}},"92":{"start":{"line":307,"column":20},"end":{"line":307,"column":76}},"93":{"start":{"line":314,"column":8},"end":{"line":316,"column":9}},"94":{"start":{"line":315,"column":12},"end":{"line":315,"column":75}},"95":{"start":{"line":318,"column":8},"end":{"line":318,"column":30}},"96":{"start":{"line":319,"column":8},"end":{"line":319,"column":50}},"97":{"start":{"line":322,"column":8},"end":{"line":361,"column":11}},"98":{"start":{"line":323,"column":12},"end":{"line":329,"column":13}},"99":{"start":{"line":324,"column":16},"end":{"line":324,"column":72}},"100":{"start":{"line":325,"column":16},"end":{"line":328,"column":19}},"101":{"start":{"line":330,"column":12},"end":{"line":360,"column":15}},"102":{"start":{"line":338,"column":16},"end":{"line":359,"column":17}},"103":{"start":{"line":339,"column":20},"end":{"line":339,"column":74}},"104":{"start":{"line":340,"column":20},"end":{"line":343,"column":23}},"105":{"start":{"line":345,"column":20},"end":{"line":358,"column":21}},"106":{"start":{"line":346,"column":24},"end":{"line":346,"column":73}},"107":{"start":{"line":347,"column":24},"end":{"line":350,"column":27}},"108":{"start":{"line":353,"column":24},"end":{"line":353,"column":78}},"109":{"start":{"line":354,"column":24},"end":{"line":357,"column":27}}},"branchMap":{"1":{"line":20,"type":"if","locations":[{"start":{"line":20,"column":8},"end":{"line":20,"column":8}},{"start":{"line":20,"column":8},"end":{"line":20,"column":8}}]},"2":{"line":20,"type":"binary-expr","locations":[{"start":{"line":20,"column":12},"end":{"line":20,"column":34}},{"start":{"line":20,"column":38},"end":{"line":20,"column":60}}]},"3":{"line":27,"type":"if","locations":[{"start":{"line":27,"column":16},"end":{"line":27,"column":16}},{"start":{"line":27,"column":16},"end":{"line":27,"column":16}}]},"4":{"line":34,"type":"if","locations":[{"start":{"line":34,"column":20},"end":{"line":34,"column":20}},{"start":{"line":34,"column":20},"end":{"line":34,"column":20}}]},"5":{"line":82,"type":"if","locations":[{"start":{"line":82,"column":16},"end":{"line":82,"column":16}},{"start":{"line":82,"column":16},"end":{"line":82,"column":16}}]},"6":{"line":89,"type":"if","locations":[{"start":{"line":89,"column":20},"end":{"line":89,"column":20}},{"start":{"line":89,"column":20},"end":{"line":89,"column":20}}]},"7":{"line":108,"type":"if","locations":[{"start":{"line":108,"column":8},"end":{"line":108,"column":8}},{"start":{"line":108,"column":8},"end":{"line":108,"column":8}}]},"8":{"line":108,"type":"binary-expr","locations":[{"start":{"line":108,"column":12},"end":{"line":108,"column":31}},{"start":{"line":108,"column":35},"end":{"line":108,"column":57}},{"start":{"line":108,"column":61},"end":{"line":108,"column":83}}]},"9":{"line":141,"type":"if","locations":[{"start":{"line":141,"column":32},"end":{"line":141,"column":32}},{"start":{"line":141,"column":32},"end":{"line":141,"column":32}}]},"10":{"line":148,"type":"if","locations":[{"start":{"line":148,"column":32},"end":{"line":148,"column":32}},{"start":{"line":148,"column":32},"end":{"line":148,"column":32}}]},"11":{"line":159,"type":"if","locations":[{"start":{"line":159,"column":44},"end":{"line":159,"column":44}},{"start":{"line":159,"column":44},"end":{"line":159,"column":44}}]},"12":{"line":198,"type":"if","locations":[{"start":{"line":198,"column":16},"end":{"line":198,"column":16}},{"start":{"line":198,"column":16},"end":{"line":198,"column":16}}]},"13":{"line":216,"type":"if","locations":[{"start":{"line":216,"column":8},"end":{"line":216,"column":8}},{"start":{"line":216,"column":8},"end":{"line":216,"column":8}}]},"14":{"line":216,"type":"binary-expr","locations":[{"start":{"line":216,"column":12},"end":{"line":216,"column":28}},{"start":{"line":216,"column":32},"end":{"line":216,"column":51}}]},"15":{"line":224,"type":"if","locations":[{"start":{"line":224,"column":12},"end":{"line":224,"column":12}},{"start":{"line":224,"column":12},"end":{"line":224,"column":12}}]},"16":{"line":241,"type":"if","locations":[{"start":{"line":241,"column":16},"end":{"line":241,"column":16}},{"start":{"line":241,"column":16},"end":{"line":241,"column":16}}]},"17":{"line":248,"type":"if","locations":[{"start":{"line":248,"column":20},"end":{"line":248,"column":20}},{"start":{"line":248,"column":20},"end":{"line":248,"column":20}}]},"18":{"line":273,"type":"if","locations":[{"start":{"line":273,"column":16},"end":{"line":273,"column":16}},{"start":{"line":273,"column":16},"end":{"line":273,"column":16}}]},"19":{"line":280,"type":"if","locations":[{"start":{"line":280,"column":16},"end":{"line":280,"column":16}},{"start":{"line":280,"column":16},"end":{"line":280,"column":16}}]},"20":{"line":285,"type":"if","locations":[{"start":{"line":285,"column":28},"end":{"line":285,"column":28}},{"start":{"line":285,"column":28},"end":{"line":285,"column":28}}]},"21":{"line":314,"type":"if","locations":[{"start":{"line":314,"column":8},"end":{"line":314,"column":8}},{"start":{"line":314,"column":8},"end":{"line":314,"column":8}}]},"22":{"line":314,"type":"binary-expr","locations":[{"start":{"line":314,"column":12},"end":{"line":314,"column":28}},{"start":{"line":314,"column":32},"end":{"line":314,"column":55}},{"start":{"line":314,"column":59},"end":{"line":314,"column":81}}]},"23":{"line":323,"type":"if","locations":[{"start":{"line":323,"column":12},"end":{"line":323,"column":12}},{"start":{"line":323,"column":12},"end":{"line":323,"column":12}}]},"24":{"line":338,"type":"if","locations":[{"start":{"line":338,"column":16},"end":{"line":338,"column":16}},{"start":{"line":338,"column":16},"end":{"line":338,"column":16}}]},"25":{"line":345,"type":"if","locations":[{"start":{"line":345,"column":20},"end":{"line":345,"column":20}},{"start":{"line":345,"column":20},"end":{"line":345,"column":20}}]}},"l":{"9":1,"14":1,"19":2,"20":2,"21":0,"23":2,"27":2,"28":0,"29":0,"34":2,"35":0,"36":0,"42":2,"48":0,"52":1,"53":1,"61":1,"62":1,"78":1,"79":1,"80":1,"82":1,"83":0,"84":0,"89":1,"90":1,"91":1,"96":0,"97":0,"108":2,"109":0,"111":2,"112":2,"114":2,"120":0,"121":0,"128":2,"132":0,"137":2,"141":2,"142":0,"143":0,"148":2,"149":1,"159":1,"160":0,"161":0,"166":1,"167":1,"176":1,"177":1,"192":2,"193":2,"197":2,"198":2,"199":0,"200":0,"205":2,"206":2,"216":4,"217":3,"219":1,"220":1,"221":1,"223":1,"224":1,"225":0,"226":0,"231":1,"241":1,"242":0,"243":0,"248":1,"249":1,"250":1,"255":0,"256":0,"268":0,"269":0,"273":0,"274":0,"275":0,"280":0,"281":0,"285":0,"286":0,"287":0,"292":0,"293":0,"302":0,"303":0,"307":0,"314":2,"315":1,"318":1,"319":1,"322":1,"323":1,"324":0,"325":0,"330":1,"338":1,"339":0,"340":0,"345":1,"346":1,"347":1,"353":0,"354":0}}}
