TN:
SF:C:\Users\HP 14 V014\Documents\git\placego-rest\api\utils\Utils.js
FN:3,(anonymous_1)
FN:33,(anonymous_2)
FN:59,(anonymous_3)
FNF:3
FNH:2
FNDA:0,(anonymous_1)
FNDA:1,(anonymous_2)
FNDA:1,(anonymous_3)
DA:2,1
DA:5,0
DA:7,0
DA:8,0
DA:9,0
DA:16,0
DA:24,0
DA:35,1
DA:36,1
DA:37,1
DA:38,1
DA:39,1
DA:40,0
DA:41,1
DA:42,0
DA:43,0
DA:45,1
DA:49,1
DA:61,1
DA:62,1
DA:63,1
DA:68,1
LF:22
LH:13
BRDA:7,1,0,0
BRDA:7,1,1,0
BRDA:8,2,0,0
BRDA:8,2,1,0
BRDA:39,3,0,0
BRDA:39,3,1,1
BRDA:41,4,0,0
BRDA:41,4,1,1
BRF:8
BRH:2
end_of_record
