TN:
SF:C:\Users\HP 14 V014\Documents\git\placego-rest\api\services\Utils.js
FN:3,(anonymous_1)
FNF:1
FNH:1
FNDA:2,(anonymous_1)
DA:2,1
DA:5,2
DA:7,2
DA:8,0
DA:9,0
DA:16,0
DA:24,2
LF:7
LH:4
BRDA:7,1,0,0
BRDA:7,1,1,2
BRDA:8,2,0,0
BRDA:8,2,1,0
BRF:4
BRH:1
end_of_record
TN:
SF:C:\Users\HP 14 V014\Documents\git\placego-rest\api\models\User.js
FNF:0
FNH:0
DA:9,1
LF:1
LH:1
BRF:0
BRH:0
end_of_record
TN:
SF:C:\Users\HP 14 V014\Documents\git\placego-rest\api\controllers\RegisterController.js
FN:13,(anonymous_1)
FN:21,(anonymous_2)
FN:31,(anonymous_3)
FN:47,(anonymous_4)
FN:81,(anonymous_5)
FN:87,(anonymous_6)
FN:94,(anonymous_7)
FN:139,(anonymous_8)
FN:156,convertString
FN:180,phoneSplit
FNF:10
FNH:0
FNDA:0,(anonymous_1)
FNDA:0,(anonymous_2)
FNDA:0,(anonymous_3)
FNDA:0,(anonymous_4)
FNDA:0,(anonymous_5)
FNDA:0,(anonymous_6)
FNDA:0,(anonymous_7)
FNDA:0,(anonymous_8)
FNDA:0,convertString
FNDA:0,phoneSplit
DA:5,1
DA:11,1
DA:15,0
DA:16,0
DA:18,0
DA:21,0
DA:22,0
DA:23,0
DA:24,0
DA:29,0
DA:32,0
DA:33,0
DA:34,0
DA:39,0
DA:40,0
DA:41,0
DA:48,0
DA:49,0
DA:50,0
DA:60,0
DA:61,0
DA:62,0
DA:71,0
DA:72,0
DA:83,0
DA:84,0
DA:85,0
DA:87,0
DA:88,0
DA:89,0
DA:95,0
DA:96,0
DA:97,0
DA:102,0
DA:103,0
DA:105,0
DA:106,0
DA:113,0
DA:114,0
DA:115,0
DA:116,0
DA:117,0
DA:118,0
DA:119,0
DA:126,0
DA:128,0
DA:129,0
DA:134,0
DA:136,0
DA:139,0
DA:140,0
DA:141,0
DA:156,1
DA:158,0
DA:159,0
DA:160,0
DA:161,0
DA:162,0
DA:163,0
DA:164,0
DA:165,0
DA:167,0
DA:169,0
DA:180,1
DA:182,0
DA:183,0
DA:184,0
DA:189,0
LF:68
LH:4
BRDA:15,1,0,0
BRDA:15,1,1,0
BRDA:15,2,0,0
BRDA:15,2,1,0
BRDA:15,2,2,0
BRDA:22,3,0,0
BRDA:22,3,1,0
BRDA:32,4,0,0
BRDA:32,4,1,0
BRDA:40,5,0,0
BRDA:40,5,1,0
BRDA:48,6,0,0
BRDA:48,6,1,0
BRDA:88,7,0,0
BRDA:88,7,1,0
BRDA:95,8,0,0
BRDA:95,8,1,0
BRDA:102,9,0,0
BRDA:102,9,1,0
BRDA:140,10,0,0
BRDA:140,10,1,0
BRDA:161,11,0,0
BRDA:161,11,1,0
BRDA:163,12,0,0
BRDA:163,12,1,0
BRF:25
BRH:0
end_of_record
TN:
SF:C:\Users\HP 14 V014\Documents\git\placego-rest\api\controllers\TokenController.js
FN:11,(anonymous_1)
FN:15,(anonymous_2)
FN:25,(anonymous_3)
FN:40,(anonymous_4)
FNF:4
FNH:0
FNDA:0,(anonymous_1)
FNDA:0,(anonymous_2)
FNDA:0,(anonymous_3)
FNDA:0,(anonymous_4)
DA:5,1
DA:9,1
DA:13,0
DA:14,0
DA:15,0
DA:16,0
DA:17,0
DA:18,0
DA:23,0
DA:26,0
DA:27,0
DA:28,0
DA:33,0
DA:34,0
DA:35,0
DA:41,0
DA:42,0
DA:43,0
DA:48,0
DA:49,0
DA:58,0
DA:59,0
LF:22
LH:2
BRDA:16,1,0,0
BRDA:16,1,1,0
BRDA:26,2,0,0
BRDA:26,2,1,0
BRDA:34,3,0,0
BRDA:34,3,1,0
BRDA:41,4,0,0
BRDA:41,4,1,0
BRF:8
BRH:0
end_of_record
TN:
SF:C:\Users\HP 14 V014\Documents\git\placego-rest\api\controllers\UserController.js
FN:17,(anonymous_1)
FN:23,(anonymous_2)
FN:44,(anonymous_3)
FN:48,(anonymous_4)
FN:57,(anonymous_5)
FN:74,(anonymous_6)
FN:78,(anonymous_7)
FN:104,(anonymous_8)
FN:113,(anonymous_9)
FN:121,(anonymous_10)
FN:125,(anonymous_11)
FN:128,(anonymous_12)
FN:134,(anonymous_13)
FN:152,(anonymous_14)
FN:185,(anonymous_15)
FN:190,(anonymous_16)
FN:207,(anonymous_17)
FN:218,(anonymous_18)
FN:228,(anonymous_19)
FN:237,(anonymous_20)
FN:266,(anonymous_21)
FN:271,(anonymous_22)
FN:283,(anonymous_23)
FN:311,(anonymous_24)
FN:321,(anonymous_25)
FN:331,(anonymous_26)
FN:338,(anonymous_27)
FNF:27
FNH:5
FNDA:1,(anonymous_1)
FNDA:1,(anonymous_2)
FNDA:0,(anonymous_3)
FNDA:0,(anonymous_4)
FNDA:1,(anonymous_5)
FNDA:1,(anonymous_6)
FNDA:1,(anonymous_7)
FNDA:0,(anonymous_8)
FNDA:0,(anonymous_9)
FNDA:0,(anonymous_10)
FNDA:0,(anonymous_11)
FNDA:0,(anonymous_12)
FNDA:0,(anonymous_13)
FNDA:0,(anonymous_14)
FNDA:0,(anonymous_15)
FNDA:0,(anonymous_16)
FNDA:0,(anonymous_17)
FNDA:0,(anonymous_18)
FNDA:0,(anonymous_19)
FNDA:0,(anonymous_20)
FNDA:0,(anonymous_21)
FNDA:0,(anonymous_22)
FNDA:0,(anonymous_23)
FNDA:0,(anonymous_24)
FNDA:0,(anonymous_25)
FNDA:0,(anonymous_26)
FNDA:0,(anonymous_27)
DA:9,1
DA:14,1
DA:19,1
DA:20,1
DA:24,1
DA:25,0
DA:26,0
DA:31,1
DA:32,0
DA:33,0
DA:39,1
DA:45,0
DA:49,0
DA:50,0
DA:58,1
DA:59,1
DA:75,1
DA:76,1
DA:77,1
DA:79,1
DA:80,0
DA:81,0
DA:86,1
DA:87,1
DA:88,1
DA:93,0
DA:94,0
DA:105,0
DA:106,0
DA:108,0
DA:114,0
DA:115,0
DA:122,0
DA:126,0
DA:131,0
DA:135,0
DA:136,0
DA:137,0
DA:142,0
DA:143,0
DA:153,0
DA:154,0
DA:155,0
DA:160,0
DA:161,0
DA:170,0
DA:171,0
DA:186,0
DA:187,0
DA:191,0
DA:192,0
DA:193,0
DA:198,0
DA:199,0
DA:208,0
DA:209,0
DA:210,0
DA:211,0
DA:212,0
DA:213,0
DA:218,0
DA:219,0
DA:220,0
DA:221,0
DA:226,0
DA:229,0
DA:230,0
DA:231,0
DA:232,0
DA:238,0
DA:239,0
DA:240,0
DA:245,0
DA:246,0
DA:253,0
DA:254,0
DA:267,0
DA:268,0
DA:272,0
DA:273,0
DA:274,0
DA:279,0
DA:280,0
DA:284,0
DA:285,0
DA:286,0
DA:291,0
DA:292,0
DA:301,0
DA:302,0
DA:306,0
DA:312,0
DA:313,0
DA:314,0
DA:315,0
DA:316,0
DA:321,0
DA:322,0
DA:323,0
DA:324,0
DA:329,0
DA:332,0
DA:333,0
DA:334,0
DA:335,0
DA:339,0
DA:340,0
DA:341,0
DA:346,0
DA:347,0
DA:354,0
DA:355,0
LF:112
LH:16
BRDA:24,1,0,0
BRDA:24,1,1,1
BRDA:31,2,0,0
BRDA:31,2,1,1
BRDA:79,3,0,0
BRDA:79,3,1,1
BRDA:86,4,0,1
BRDA:86,4,1,0
BRDA:135,5,0,0
BRDA:135,5,1,0
BRDA:142,6,0,0
BRDA:142,6,1,0
BRDA:153,7,0,0
BRDA:153,7,1,0
BRDA:191,8,0,0
BRDA:191,8,1,0
BRDA:211,9,0,0
BRDA:211,9,1,0
BRDA:219,10,0,0
BRDA:219,10,1,0
BRDA:229,11,0,0
BRDA:229,11,1,0
BRDA:231,12,0,0
BRDA:231,12,1,0
BRDA:238,13,0,0
BRDA:238,13,1,0
BRDA:272,14,0,0
BRDA:272,14,1,0
BRDA:279,15,0,0
BRDA:279,15,1,0
BRDA:284,16,0,0
BRDA:284,16,1,0
BRDA:314,17,0,0
BRDA:314,17,1,0
BRDA:322,18,0,0
BRDA:322,18,1,0
BRDA:332,19,0,0
BRDA:332,19,1,0
BRDA:334,20,0,0
BRDA:334,20,1,0
BRDA:339,21,0,0
BRDA:339,21,1,0
BRF:42
BRH:4
end_of_record
TN:
SF:C:\Users\HP 14 V014\Documents\git\placego-rest\api\policies\isAuth.js
FN:2,isAuth
FNF:1
FNH:1
FNDA:2,isAuth
DA:2,1
DA:4,2
DA:6,2
DA:7,2
DA:9,0
DA:10,0
LF:6
LH:4
BRDA:4,1,0,2
BRDA:4,1,1,2
BRDA:6,2,0,2
BRDA:6,2,1,0
BRF:4
BRH:3
end_of_record
TN:
SF:C:\Users\HP 14 V014\Documents\git\placego-rest\api\policies\sessionAuth.js
FN:11,(anonymous_1)
FNF:1
FNH:0
FNDA:0,(anonymous_1)
DA:11,1
DA:15,0
DA:16,0
DA:21,0
LF:4
LH:1
BRDA:15,1,0,0
BRDA:15,1,1,0
BRF:2
BRH:0
end_of_record
